Zookeeper arrive at Zoo on Day 1
The zookeeper has arrived at 8:00 hours
The animals are starting to wake at 9:00 hours
zookeeper wakes up Charlie the cat
zookeeper wakes up Tom the tiger
zookeeper wakes up Dug the dog
zookeeper wakes up Wendy the wolf
zookeeper wakes up Lilly the lizard
zookeeper wakes up Sam the snake
zookeeper wakes up Harry the hippo
zookeeper wakes up Rick the rhino
The animals are being called at 11:00 hours
zookeeper roll calls Charlie the cat
zookeeper roll calls Tom the tiger
zookeeper roll calls Dug the dog
zookeeper roll calls Wendy the wolf
zookeeper roll calls Lilly the lizard
zookeeper roll calls Sam the snake
zookeeper roll calls Harry the hippo
zookeeper roll calls Rick the rhino
ZooFoodServer is making the food at 12:00 hours
ZooFoodServer is serving the foodZooFoodServer is making the food at 12:00 hours
ZooFoodServer is serving the food at 12:00 hours
The animals are being fed at 13:00 hours
zookeeper feeds Charlie the cat
zookeeper feeds Tom the tiger
zookeeper feeds Dug the dog
zookeeper feeds Wendy the wolf
zookeeper feeds Lilly the lizard
zookeeper feeds Sam the snake
zookeeper feeds Harry the hippo
zookeeper feeds Rick the rhino
The animals are exercising at 15:00 hours
The animals are being exercised 15:00 hours
zookeeper exercises Charlie the cat
zookeeper exercises Tom the tiger
zookeeper tried to wakes up Dug the dog but he dug instead.
zookeeper exercises Wendy the wolf
zookeeper exercises Lilly the lizard
zookeeper exercises Sam the snake
zookeeper tried to exercises Harry the hippo but he charged instead.
zookeeper tried to exercises Rick the rhino but he charged instead.
zookeeper exercises Charlie the cat
ZooFoodServer is cleaning at 15:00 hours
ZooFoodServer is making the food at 15:00 hours
ZooFoodServer is serving the food at 15:00 hours
ZooFoodServer is cleaningZooFoodServer is cleaning at 15:00 hours
ZooFoodServer is making the food at 15:00 hours
ZooFoodServer is serving the food at 15:00 hours
ZooFoodServer is cleaning at 15:00 hours
zookeeper exercises Tom the tiger
The animals are being put to sleep 17:00 hours
zookeeper sleeps Dug the dog
zookeeper sleeps Wendy the wolf
zookeeper sleeps Lilly the lizard
zookeeper sleeps Sam the snake
zookeeper sleeps Harry the hippo
zookeeper sleeps Rick the rhino
The zookeeper is leaving for the day at 20:00 hours
Zookeeper leaves at Zoo on Day 1
Zookeeper arrive at Zoo on Day 2
The zookeeper has arrived at 8:00 hours
The animals are starting to wake at 9:00 hours
zookeeper wakes up Charlie the cat
zookeeper wakes up Tom the tiger
zookeeper wakes up Dug the dog
zookeeper wakes up Wendy the wolf
zookeeper wakes up Lilly the lizard
zookeeper wakes up Sam the snake
zookeeper wakes up Harry the hippo
zookeeper wakes up Rick the rhino
The animals are being called at 11:00 hours
zookeeper roll calls Charlie the cat
zookeeper roll calls Tom the tiger
zookeeper roll calls Dug the dog
zookeeper roll calls Wendy the wolf
zookeeper roll calls Lilly the lizard
zookeeper roll calls Sam the snake
zookeeper roll calls Harry the hippo
zookeeper roll calls Rick the rhino
ZooFoodServer is making the food at 12:00 hours
ZooFoodServer is serving the foodZooFoodServer is making the food at 12:00 hours
ZooFoodServer is serving the food at 12:00 hours
The animals are being fed at 13:00 hours
zookeeper feeds Charlie the cat
zookeeper feeds Tom the tiger
zookeeper feeds Dug the dog
zookeeper feeds Wendy the wolf
zookeeper feeds Lilly the lizard
zookeeper feeds Sam the snake
zookeeper feeds Harry the hippo
zookeeper feeds Rick the rhino
The animals are exercising at 15:00 hours
The animals are being exercised 15:00 hours
zookeeper exercises Charlie the cat
zookeeper exercises Tom the tiger
zookeeper exercises Dug the dog
zookeeper exercises Wendy the wolf
zookeeper exercises Lilly the lizard
zookeeper exercises Sam the snake
zookeeper exercises Harry the hippo
zookeeper exercises Rick the rhino
zookeeper exercises Charlie the cat
ZooFoodServer is cleaning at 15:00 hours
ZooFoodServer is making the food at 15:00 hours
ZooFoodServer is serving the food at 15:00 hours
ZooFoodServer is cleaningZooFoodServer is cleaning at 15:00 hours
ZooFoodServer is making the food at 15:00 hours
ZooFoodServer is serving the food at 15:00 hours
ZooFoodServer is cleaning at 15:00 hours
zookeeper exercises Tom the tiger
The animals are being put to sleep 17:00 hours
zookeeper sleeps Dug the dog
zookeeper sleeps Wendy the wolf
zookeeper sleeps Lilly the lizard
zookeeper sleeps Sam the snake
zookeeper sleeps Harry the hippo
zookeeper sleeps Rick the rhino
The zookeeper is leaving for the day at 20:00 hours
Zookeeper leaves at Zoo on Day 2
Zookeeper arrive at Zoo on Day 3
The zookeeper has arrived at 8:00 hours
The animals are starting to wake at 9:00 hours
zookeeper wakes up Charlie the cat
zookeeper wakes up Tom the tiger
zookeeper wakes up Dug the dog
zookeeper wakes up Wendy the wolf
zookeeper wakes up Lilly the lizard
zookeeper wakes up Sam the snake
zookeeper wakes up Harry the hippo
zookeeper wakes up Rick the rhino
The animals are being called at 11:00 hours
zookeeper roll calls Charlie the cat
zookeeper roll calls Tom the tiger
zookeeper roll calls Dug the dog
zookeeper roll calls Wendy the wolf
zookeeper roll calls Lilly the lizard
zookeeper roll calls Sam the snake
zookeeper roll calls Harry the hippo
zookeeper roll calls Rick the rhino
ZooFoodServer is making the food at 12:00 hours
ZooFoodServer is serving the foodZooFoodServer is making the food at 12:00 hours
ZooFoodServer is serving the food at 12:00 hours
The animals are being fed at 13:00 hours
zookeeper feeds Charlie the cat
zookeeper feeds Tom the tiger
zookeeper feeds Dug the dog
zookeeper feeds Wendy the wolf
zookeeper feeds Lilly the lizard
zookeeper feeds Sam the snake
zookeeper feeds Harry the hippo
zookeeper feeds Rick the rhino
The animals are exercising at 15:00 hours
The animals are being exercised 15:00 hours
zookeeper exercises Charlie the cat
zookeeper exercises Tom the tiger
zookeeper exercises Dug the dog
zookeeper exercises Wendy the wolf
zookeeper exercises Lilly the lizard
zookeeper exercises Sam the snake
zookeeper exercises Harry the hippo
zookeeper exercises Rick the rhino
zookeeper exercises Charlie the cat
ZooFoodServer is cleaning at 15:00 hours
ZooFoodServer is making the food at 15:00 hours
ZooFoodServer is serving the food at 15:00 hours
ZooFoodServer is cleaningZooFoodServer is cleaning at 15:00 hours
ZooFoodServer is making the food at 15:00 hours
ZooFoodServer is serving the food at 15:00 hours
ZooFoodServer is cleaning at 15:00 hours
zookeeper exercises Tom the tiger
The animals are being put to sleep 17:00 hours
zookeeper sleeps Dug the dog
zookeeper sleeps Wendy the wolf
zookeeper sleeps Lilly the lizard
zookeeper sleeps Sam the snake
zookeeper sleeps Harry the hippo
zookeeper sleeps Rick the rhino
The zookeeper is leaving for the day at 20:00 hours
Zookeeper leaves at Zoo on Day 3
